<?xml version="1.0" encoding="UTF-8"?>
<testng-results skipped="0" failed="0" ignored="0" total="1" passed="1">
  <reporter-output>
  </reporter-output>
  <suite name="Default suite" duration-ms="92" started-at="2021-07-17T23:00:19 IST" finished-at="2021-07-17T23:00:19 IST">
    <groups>
    </groups>
    <test name="Default test" duration-ms="92" started-at="2021-07-17T23:00:19 IST" finished-at="2021-07-17T23:00:19 IST">
      <class name="helloWorld_Neha.TestHello">
        <test-method status="PASS" signature="testHelloWorld()[pri:0, instance:helloWorld_Neha.TestHello@5a8e6209]" name="testHelloWorld" duration-ms="12" started-at="2021-07-17T23:00:19 IST" finished-at="2021-07-17T23:00:19 IST">
          <reporter-output>
          </reporter-output>
        </test-method> <!-- testHelloWorld -->
      </class> <!-- helloWorld_Neha.TestHello -->
    </test> <!-- Default test -->
  </suite> <!-- Default suite -->
</testng-results>
